<?xml version="1.0" encoding="UTF-8"?>
<testsuite name="TestSuite" time="14.33" tests="2" errors="0" skipped="0" failures="2">
  <properties>
[...]
</properties>
  <testcase name="loginTest" classname="com.w2a.testcases.LoginTest" time="4.61">
    <failure message="Login test failed" type="java.lang.AssertionError">java.lang.AssertionError: Login test failed
	at org.testng.Assert.fail(Assert.java:97)
	at com.w2a.testcases.LoginTest.loginTest(LoginTest.java:18)
</failure>
    <system-out><![CDATA[true
]]></system-out>
    <system-err><![CDATA[Starting ChromeDriver 83.0.4103.39 (ccbf011cb2d2b19b506d844400483861342c20cd-refs/branch-heads/4103@{#416}) on port 12362
Only local connections are allowed.
Please see https://chromedriver.chromium.org/security-considerations for suggestions on keeping ChromeDriver safe.
ChromeDriver was started successfully.
]]></system-err>
  </testcase>
  <testcase name="createAccountTest" classname="com.w2a.testcases.CreateAccountTest" time="9.72">
    <failure message="Create account test failed" type="java.lang.AssertionError">java.lang.AssertionError: Create account test failed
	at org.testng.Assert.fail(Assert.java:97)
	at com.w2a.testcases.CreateAccountTest.createAccountTest(CreateAccountTest.java:21)
</failure>
    <system-out><![CDATA[true
]]></system-out>
  </testcase>
</testsuite>